[     382ms] Error: Minified React error #418; visit https://reactjs.org/docs/error-decoder.html?invariant=418 for the full message or use the non-minified dev environment for full errors and additional helpful warnings.
    at ku (https://www.cloudflare.com/_willow/client.DVocGn_n.js:22:4907)
    at fa (https://www.cloudflare.com/_willow/client.DVocGn_n.js:24:45647)
    at ia (https://www.cloudflare.com/_willow/client.DVocGn_n.js:24:39783)
    at dc (https://www.cloudflare.com/_willow/client.DVocGn_n.js:24:39756)
    at na (https://www.cloudflare.com/_willow/client.DVocGn_n.js:24:34775)
    at st (https://www.cloudflare.com/_willow/client.DVocGn_n.js:9:1644)
    at MessagePort.Mt (https://www.cloudflare.com/_willow/client.DVocGn_n.js:9:2031)
[     383ms] Error: Minified React error #418; visit https://reactjs.org/docs/error-decoder.html?invariant=418 for the full message or use the non-minified dev environment for full errors and additional helpful warnings.
    at ku (https://www.cloudflare.com/_willow/client.DVocGn_n.js:22:4907)
    at fa (https://www.cloudflare.com/_willow/client.DVocGn_n.js:24:45647)
    at ia (https://www.cloudflare.com/_willow/client.DVocGn_n.js:24:39783)
    at dc (https://www.cloudflare.com/_willow/client.DVocGn_n.js:24:39756)
    at na (https://www.cloudflare.com/_willow/client.DVocGn_n.js:24:34775)
    at st (https://www.cloudflare.com/_willow/client.DVocGn_n.js:9:1644)
    at MessagePort.Mt (https://www.cloudflare.com/_willow/client.DVocGn_n.js:9:2031)
[     383ms] Error: Minified React error #418; visit https://reactjs.org/docs/error-decoder.html?invariant=418 for the full message or use the non-minified dev environment for full errors and additional helpful warnings.
    at ku (https://www.cloudflare.com/_willow/client.DVocGn_n.js:22:4907)
    at fa (https://www.cloudflare.com/_willow/client.DVocGn_n.js:24:45647)
    at ia (https://www.cloudflare.com/_willow/client.DVocGn_n.js:24:39783)
    at dc (https://www.cloudflare.com/_willow/client.DVocGn_n.js:24:39756)
    at na (https://www.cloudflare.com/_willow/client.DVocGn_n.js:24:34775)
    at st (https://www.cloudflare.com/_willow/client.DVocGn_n.js:9:1644)
    at MessagePort.Mt (https://www.cloudflare.com/_willow/client.DVocGn_n.js:9:2031)
[     383ms] Error: Minified React error #423; visit https://reactjs.org/docs/error-decoder.html?invariant=423 for the full message or use the non-minified dev environment for full errors and additional helpful warnings.
    at fa (https://www.cloudflare.com/_willow/client.DVocGn_n.js:24:45307)
    at ia (https://www.cloudflare.com/_willow/client.DVocGn_n.js:24:39783)
    at cc (https://www.cloudflare.com/_willow/client.DVocGn_n.js:24:39714)
    at vl (https://www.cloudflare.com/_willow/client.DVocGn_n.js:24:39572)
    at ii (https://www.cloudflare.com/_willow/client.DVocGn_n.js:24:35956)
    at na (https://www.cloudflare.com/_willow/client.DVocGn_n.js:24:34909)
    at st (https://www.cloudflare.com/_willow/client.DVocGn_n.js:9:1644)
    at MessagePort.Mt (https://www.cloudflare.com/_willow/client.DVocGn_n.js:9:2031)
[    3268ms] [ERROR] Failed to load resource: the server responded with a status of 451 () @ https://id.rlcdn.com/464526.gif:0
[    7790ms] [ERROR] %c%d font-size:0;color:transparent NaN @ https://challenges.cloudflare.com/cdn-cgi/challenge-platform/h/b/turnstile/f/ov2/av0/rch/jgru5/0x4AAAAAAAJel0iaAR3mgkjp/light/fbE/new/flexible?lang=auto:0
[    7790ms] [ERROR] %c%d font-size:0;color:transparent NaN @ https://challenges.cloudflare.com/cdn-cgi/challenge-platform/h/b/turnstile/f/ov2/av0/rch/jgru5/0x4AAAAAAAJel0iaAR3mgkjp/light/fbE/new/flexible?lang=auto:0
[    7794ms] [WARNING] %c%d font-size:0;color:transparent NaN @ https://challenges.cloudflare.com/cdn-cgi/challenge-platform/h/b/turnstile/f/ov2/av0/rch/jgru5/0x4AAAAAAAJel0iaAR3mgkjp/light/fbE/new/flexible?lang=auto:0
[    7794ms] [WARNING] %c%d font-size:0;color:transparent NaN @ https://challenges.cloudflare.com/cdn-cgi/challenge-platform/h/b/turnstile/f/ov2/av0/rch/jgru5/0x4AAAAAAAJel0iaAR3mgkjp/light/fbE/new/flexible?lang=auto:0
[    7881ms] [ERROR] Failed to load resource: the server responded with a status of 401 () @ https://challenges.cloudflare.com/cdn-cgi/challenge-platform/h/b/pat/9de5107d0ef5ed16/1773845580567/a216e71e98465a0a37d4d33e06797ab0855406cad82c3a8baf20700dc5956c9d/nb7Y5Ni9fl7qoHW:0
[    7937ms] [ERROR]  Note that 'script-src' was not explicitly set, so 'default-src' is used as a fallback. @ https://challenges.cloudflare.com/cdn-cgi/challenge-platform/h/b/turnstile/f/ov2/av0/rch/jgru5/0x4AAAAAAAJel0iaAR3mgkjp/light/fbE/new/flexible?lang=auto:0
[    8689ms] [ERROR] Permissions policy violation: xr-spatial-tracking is not allowed in this document. @ https://challenges.cloudflare.com/cdn-cgi/challenge-platform/h/b/turnstile/f/ov2/av0/rch/jgru5/0x4AAAAAAAJel0iaAR3mgkjp/light/fbE/new/flexible?lang=auto:0
[    8690ms] [ERROR] Permissions policy violation: xr-spatial-tracking is not allowed in this document. @ https://challenges.cloudflare.com/cdn-cgi/challenge-platform/h/b/turnstile/f/ov2/av0/rch/jgru5/0x4AAAAAAAJel0iaAR3mgkjp/light/fbE/new/flexible?lang=auto:0
[    8698ms] [WARNING] Canvas2D: Multiple readback operations using getImageData are faster with the willReadFrequently attribute set to true. See: https://html.spec.whatwg.org/multipage/canvas.html#concept-canvas-will-read-frequently @ https://challenges.cloudflare.com/cdn-cgi/challenge-platform/h/b/turnstile/f/ov2/av0/rch/jgru5/0x4AAAAAAAJel0iaAR3mgkjp/light/fbE/new/flexible?lang=auto:0
[    8822ms] [WARNING] WebGL: INVALID_ENUM: renderbufferStorage: EXT_color_buffer_float/EXT_color_buffer_half_float not enabled @ https://challenges.cloudflare.com/cdn-cgi/challenge-platform/h/b/turnstile/f/ov2/av0/rch/jgru5/0x4AAAAAAAJel0iaAR3mgkjp/light/fbE/new/flexible?lang=auto:0
[    8823ms] [WARNING] WebGL: INVALID_ENUM: renderbufferStorage: EXT_color_buffer_float/EXT_color_buffer_half_float not enabled @ https://challenges.cloudflare.com/cdn-cgi/challenge-platform/h/b/turnstile/f/ov2/av0/rch/jgru5/0x4AAAAAAAJel0iaAR3mgkjp/light/fbE/new/flexible?lang=auto:0
[    8823ms] [WARNING] WebGL: INVALID_ENUM: renderbufferStorage: EXT_color_buffer_float/EXT_color_buffer_half_float not enabled @ https://challenges.cloudflare.com/cdn-cgi/challenge-platform/h/b/turnstile/f/ov2/av0/rch/jgru5/0x4AAAAAAAJel0iaAR3mgkjp/light/fbE/new/flexible?lang=auto:0
[    8823ms] [WARNING] WebGL: INVALID_ENUM: renderbufferStorage: EXT_color_buffer_float not enabled @ https://challenges.cloudflare.com/cdn-cgi/challenge-platform/h/b/turnstile/f/ov2/av0/rch/jgru5/0x4AAAAAAAJel0iaAR3mgkjp/light/fbE/new/flexible?lang=auto:0
[    8824ms] [WARNING] WebGL: INVALID_ENUM: renderbufferStorage: EXT_color_buffer_float not enabled @ https://challenges.cloudflare.com/cdn-cgi/challenge-platform/h/b/turnstile/f/ov2/av0/rch/jgru5/0x4AAAAAAAJel0iaAR3mgkjp/light/fbE/new/flexible?lang=auto:0
[    8824ms] [WARNING] WebGL: INVALID_ENUM: renderbufferStorage: EXT_color_buffer_float not enabled @ https://challenges.cloudflare.com/cdn-cgi/challenge-platform/h/b/turnstile/f/ov2/av0/rch/jgru5/0x4AAAAAAAJel0iaAR3mgkjp/light/fbE/new/flexible?lang=auto:0
[    8825ms] [WARNING] WebGL: INVALID_ENUM: renderbufferStorage: EXT_color_buffer_float not enabled @ https://challenges.cloudflare.com/cdn-cgi/challenge-platform/h/b/turnstile/f/ov2/av0/rch/jgru5/0x4AAAAAAAJel0iaAR3mgkjp/light/fbE/new/flexible?lang=auto:0
[    8860ms] [WARNING] No available adapters. @ https://challenges.cloudflare.com/cdn-cgi/challenge-platform/h/b/turnstile/f/ov2/av0/rch/jgru5/0x4AAAAAAAJel0iaAR3mgkjp/light/fbE/new/flexible?lang=auto:0
[   12559ms] [ERROR] Failed to load resource: the server responded with a status of 403 () @ https://dash.cloudflare.com/api/v4/zones?order=name&direction=asc&per_page=1&type=full%2Cpartial%2Csecondary:0
[   16790ms] [ERROR] Failed to load resource: the server responded with a status of 403 () @ https://dash.cloudflare.com/api/v4/accounts/fba870704c8a810965a1069830732cb6/access/organizations:0
[   21473ms] [ERROR] Failed to load resource: the server responded with a status of 403 () @ https://dash.cloudflare.com/api/v4/accounts/fba870704c8a810965a1069830732cb6/access/organizations:0
[  162846ms] [WARNING] Deprecation warning: value provided is not in a recognized RFC2822 or ISO format. moment construction falls back to js Date(), which is not reliable across all browsers and versions. Non RFC2822/ISO date formats are discouraged. Please refer to http://momentjs.com/guides/#/warnings/js-date/ for more info.
Arguments: 
[0] _isAMomentObject: true, _isUTC: true, _useUTC: true, _l: undefined, _i: undefined, _f: undefined, _strict: undefined, _locale: [object Object]
Error
    at t.createFromInputFallback (https://dash.cloudflare.com/cf-9cc9ca7cc96ea723.js:3:42056)
    at https://dash.cloudflare.com/cf-9cc9ca7cc96ea723.js:3:63512
    at https://dash.cloudflare.com/cf-9cc9ca7cc96ea723.js:3:63541
    at tr (https://dash.cloudflare.com/cf-9cc9ca7cc96ea723.js:3:63853)
    at ta (https://dash.cloudflare.com/cf-9cc9ca7cc96ea723.js:3:64117)
    at t.c [as utc] (https://dash.cloudflare.com/cf-9cc9ca7cc96ea723.js:3:39844)
    at y (https://dash.cloudflare.com/cf-d19477da2df80d89.js:3:90602)
    at h (https://dash.cloudflare.com/cf-d19477da2df80d89.js:3:91260)
    at M (https://dash.cloudflare.com/cf-ad7aa0532f4b82aa.js:3:7902)
    at ak (https://dash.cloudflare.com/cf-7a558b35d4204b06.js:3:61153)
    at i (https://dash.cloudflare.com/cf-7a558b35d4204b06.js:3:119569)
    at oO (https://dash.cloudflare.com/cf-7a558b35d4204b06.js:3:99246)
    at oR (https://dash.cloudflare.com/cf-7a558b35d4204b06.js:3:99116)
    at oz (https://dash.cloudflare.com/cf-7a558b35d4204b06.js:3:96221)
    at r8 (https://dash.cloudflare.com/cf-7a558b35d4204b06.js:3:45063)
    at https://dash.cloudflare.com/cf-7a558b35d4204b06.js:3:93801 @ https://dash.cloudflare.com/cf-b9849d3b09d1015c.js:2
[  162961ms] [ERROR] Error: <path> attribute d: Expected number, "MNaN,257.341Z". @ https://dash.cloudflare.com/cf-7a558b35d4204b06.js:2
[  162961ms] [ERROR] Error: <path> attribute d: Expected number, "MNaN,242.216Z". @ https://dash.cloudflare.com/cf-7a558b35d4204b06.js:2
[  162962ms] [ERROR] Error: <path> attribute d: Expected number, "MNaN,8.713Z". @ https://dash.cloudflare.com/cf-7a558b35d4204b06.js:2
[  162962ms] [ERROR] Error: <path> attribute d: Expected number, "MNaN,8.713Z". @ https://dash.cloudflare.com/cf-7a558b35d4204b06.js:2
