[    1889ms] [ERROR] %c%d font-size:0;color:transparent NaN @ https://challenges.cloudflare.com/cdn-cgi/challenge-platform/h/b/turnstile/f/ov2/av0/rch/0ctlu/0x4AAAAAABonI2XkDpMYx_sT/dark/fbE/new/normal?lang=auto:0
[    1889ms] [ERROR] %c%d font-size:0;color:transparent NaN @ https://challenges.cloudflare.com/cdn-cgi/challenge-platform/h/b/turnstile/f/ov2/av0/rch/0ctlu/0x4AAAAAABonI2XkDpMYx_sT/dark/fbE/new/normal?lang=auto:0
[    1891ms] [WARNING] %c%d font-size:0;color:transparent NaN @ https://challenges.cloudflare.com/cdn-cgi/challenge-platform/h/b/turnstile/f/ov2/av0/rch/0ctlu/0x4AAAAAABonI2XkDpMYx_sT/dark/fbE/new/normal?lang=auto:0
[    1892ms] [WARNING] %c%d font-size:0;color:transparent NaN @ https://challenges.cloudflare.com/cdn-cgi/challenge-platform/h/b/turnstile/f/ov2/av0/rch/0ctlu/0x4AAAAAABonI2XkDpMYx_sT/dark/fbE/new/normal?lang=auto:0
[    2010ms] [ERROR] Permissions policy violation: xr-spatial-tracking is not allowed in this document. @ https://challenges.cloudflare.com/cdn-cgi/challenge-platform/h/b/turnstile/f/ov2/av0/rch/0ctlu/0x4AAAAAABonI2XkDpMYx_sT/dark/fbE/new/normal?lang=auto:0
[    2011ms] [ERROR] Permissions policy violation: xr-spatial-tracking is not allowed in this document. @ https://challenges.cloudflare.com/cdn-cgi/challenge-platform/h/b/turnstile/f/ov2/av0/rch/0ctlu/0x4AAAAAABonI2XkDpMYx_sT/dark/fbE/new/normal?lang=auto:0
[    2017ms] [WARNING] Canvas2D: Multiple readback operations using getImageData are faster with the willReadFrequently attribute set to true. See: https://html.spec.whatwg.org/multipage/canvas.html#concept-canvas-will-read-frequently @ https://challenges.cloudflare.com/cdn-cgi/challenge-platform/h/b/turnstile/f/ov2/av0/rch/0ctlu/0x4AAAAAABonI2XkDpMYx_sT/dark/fbE/new/normal?lang=auto:0
[    2111ms] [WARNING] WebGL: INVALID_ENUM: renderbufferStorage: EXT_color_buffer_float/EXT_color_buffer_half_float not enabled @ https://challenges.cloudflare.com/cdn-cgi/challenge-platform/h/b/turnstile/f/ov2/av0/rch/0ctlu/0x4AAAAAABonI2XkDpMYx_sT/dark/fbE/new/normal?lang=auto:0
[    2111ms] [WARNING] WebGL: INVALID_ENUM: renderbufferStorage: EXT_color_buffer_float/EXT_color_buffer_half_float not enabled @ https://challenges.cloudflare.com/cdn-cgi/challenge-platform/h/b/turnstile/f/ov2/av0/rch/0ctlu/0x4AAAAAABonI2XkDpMYx_sT/dark/fbE/new/normal?lang=auto:0
[    2111ms] [WARNING] WebGL: INVALID_ENUM: renderbufferStorage: EXT_color_buffer_float/EXT_color_buffer_half_float not enabled @ https://challenges.cloudflare.com/cdn-cgi/challenge-platform/h/b/turnstile/f/ov2/av0/rch/0ctlu/0x4AAAAAABonI2XkDpMYx_sT/dark/fbE/new/normal?lang=auto:0
[    2112ms] [WARNING] WebGL: INVALID_ENUM: renderbufferStorage: EXT_color_buffer_float not enabled @ https://challenges.cloudflare.com/cdn-cgi/challenge-platform/h/b/turnstile/f/ov2/av0/rch/0ctlu/0x4AAAAAABonI2XkDpMYx_sT/dark/fbE/new/normal?lang=auto:0
[    2112ms] [WARNING] WebGL: INVALID_ENUM: renderbufferStorage: EXT_color_buffer_float not enabled @ https://challenges.cloudflare.com/cdn-cgi/challenge-platform/h/b/turnstile/f/ov2/av0/rch/0ctlu/0x4AAAAAABonI2XkDpMYx_sT/dark/fbE/new/normal?lang=auto:0
[    2112ms] [WARNING] WebGL: INVALID_ENUM: renderbufferStorage: EXT_color_buffer_float not enabled @ https://challenges.cloudflare.com/cdn-cgi/challenge-platform/h/b/turnstile/f/ov2/av0/rch/0ctlu/0x4AAAAAABonI2XkDpMYx_sT/dark/fbE/new/normal?lang=auto:0
[    2113ms] [WARNING] WebGL: INVALID_ENUM: renderbufferStorage: EXT_color_buffer_float not enabled @ https://challenges.cloudflare.com/cdn-cgi/challenge-platform/h/b/turnstile/f/ov2/av0/rch/0ctlu/0x4AAAAAABonI2XkDpMYx_sT/dark/fbE/new/normal?lang=auto:0
[    2140ms] [WARNING] No available adapters. @ https://challenges.cloudflare.com/cdn-cgi/challenge-platform/h/b/turnstile/f/ov2/av0/rch/0ctlu/0x4AAAAAABonI2XkDpMYx_sT/dark/fbE/new/normal?lang=auto:0
[    2191ms] [ERROR]  Note that 'script-src' was not explicitly set, so 'default-src' is used as a fallback. @ https://challenges.cloudflare.com/cdn-cgi/challenge-platform/h/b/turnstile/f/ov2/av0/rch/0ctlu/0x4AAAAAABonI2XkDpMYx_sT/dark/fbE/new/normal?lang=auto:0
[    2352ms] [ERROR] Failed to load resource: the server responded with a status of 401 () @ https://challenges.cloudflare.com/cdn-cgi/challenge-platform/h/b/pat/9de4decd3d0eee7d/1773843545441/f124b5f16a4406bb8ad1bf5743ab907f79dbf4105688ffd37042e7d8eeee4c82/lWlUP7CT-3cndo7:0
[    6017ms] [WARNING] The resource https://challenges.cloudflare.com/cdn-cgi/challenge-platform/h/b/cmg/1 was preloaded using link preload but not used within a few seconds from the window's load event. Please make sure it has an appropriate `as` value and it is preloaded intentionally. @ https://challenges.cloudflare.com/cdn-cgi/challenge-platform/h/b/turnstile/f/ov2/av0/rch/0ctlu/0x4AAAAAABonI2XkDpMYx_sT/dark/fbE/new/normal?lang=auto:0
[    9483ms] [ERROR] %c%d font-size:0;color:transparent NaN @ https://challenges.cloudflare.com/cdn-cgi/challenge-platform/h/b/turnstile/f/ov2/av0/rch/ykay6/0x4AAAAAABonI2XkDpMYx_sT/dark/fbE/new/normal?lang=auto:0
[    9484ms] [ERROR] %c%d font-size:0;color:transparent NaN @ https://challenges.cloudflare.com/cdn-cgi/challenge-platform/h/b/turnstile/f/ov2/av0/rch/ykay6/0x4AAAAAABonI2XkDpMYx_sT/dark/fbE/new/normal?lang=auto:0
[    9487ms] [WARNING] %c%d font-size:0;color:transparent NaN @ https://challenges.cloudflare.com/cdn-cgi/challenge-platform/h/b/turnstile/f/ov2/av0/rch/ykay6/0x4AAAAAABonI2XkDpMYx_sT/dark/fbE/new/normal?lang=auto:0
[    9487ms] [WARNING] %c%d font-size:0;color:transparent NaN @ https://challenges.cloudflare.com/cdn-cgi/challenge-platform/h/b/turnstile/f/ov2/av0/rch/ykay6/0x4AAAAAABonI2XkDpMYx_sT/dark/fbE/new/normal?lang=auto:0
[    9554ms] [ERROR] Failed to load resource: the server responded with a status of 401 () @ https://challenges.cloudflare.com/cdn-cgi/challenge-platform/h/b/pat/9de4defe2e75ee7d/1773843553193/6510507df8351e986350eab8ee389f554c91137866d9dbf38d5fc64212995ab7/RWmy3vBVWJsNFId:0
[    9579ms] [ERROR]  Note that 'script-src' was not explicitly set, so 'default-src' is used as a fallback. @ https://challenges.cloudflare.com/cdn-cgi/challenge-platform/h/b/turnstile/f/ov2/av0/rch/ykay6/0x4AAAAAABonI2XkDpMYx_sT/dark/fbE/new/normal?lang=auto:0
[   10192ms] [ERROR] Permissions policy violation: xr-spatial-tracking is not allowed in this document. @ https://challenges.cloudflare.com/cdn-cgi/challenge-platform/h/b/turnstile/f/ov2/av0/rch/ykay6/0x4AAAAAABonI2XkDpMYx_sT/dark/fbE/new/normal?lang=auto:0
[   10193ms] [ERROR] Permissions policy violation: xr-spatial-tracking is not allowed in this document. @ https://challenges.cloudflare.com/cdn-cgi/challenge-platform/h/b/turnstile/f/ov2/av0/rch/ykay6/0x4AAAAAABonI2XkDpMYx_sT/dark/fbE/new/normal?lang=auto:0
[   10199ms] [WARNING] Canvas2D: Multiple readback operations using getImageData are faster with the willReadFrequently attribute set to true. See: https://html.spec.whatwg.org/multipage/canvas.html#concept-canvas-will-read-frequently @ https://challenges.cloudflare.com/cdn-cgi/challenge-platform/h/b/turnstile/f/ov2/av0/rch/ykay6/0x4AAAAAABonI2XkDpMYx_sT/dark/fbE/new/normal?lang=auto:0
[   10263ms] [WARNING] WebGL: INVALID_ENUM: renderbufferStorage: EXT_color_buffer_float/EXT_color_buffer_half_float not enabled @ https://challenges.cloudflare.com/cdn-cgi/challenge-platform/h/b/turnstile/f/ov2/av0/rch/ykay6/0x4AAAAAABonI2XkDpMYx_sT/dark/fbE/new/normal?lang=auto:0
[   10263ms] [WARNING] WebGL: INVALID_ENUM: renderbufferStorage: EXT_color_buffer_float/EXT_color_buffer_half_float not enabled @ https://challenges.cloudflare.com/cdn-cgi/challenge-platform/h/b/turnstile/f/ov2/av0/rch/ykay6/0x4AAAAAABonI2XkDpMYx_sT/dark/fbE/new/normal?lang=auto:0
[   10264ms] [WARNING] WebGL: INVALID_ENUM: renderbufferStorage: EXT_color_buffer_float/EXT_color_buffer_half_float not enabled @ https://challenges.cloudflare.com/cdn-cgi/challenge-platform/h/b/turnstile/f/ov2/av0/rch/ykay6/0x4AAAAAABonI2XkDpMYx_sT/dark/fbE/new/normal?lang=auto:0
[   10264ms] [WARNING] WebGL: INVALID_ENUM: renderbufferStorage: EXT_color_buffer_float not enabled @ https://challenges.cloudflare.com/cdn-cgi/challenge-platform/h/b/turnstile/f/ov2/av0/rch/ykay6/0x4AAAAAABonI2XkDpMYx_sT/dark/fbE/new/normal?lang=auto:0
[   10264ms] [WARNING] WebGL: INVALID_ENUM: renderbufferStorage: EXT_color_buffer_float not enabled @ https://challenges.cloudflare.com/cdn-cgi/challenge-platform/h/b/turnstile/f/ov2/av0/rch/ykay6/0x4AAAAAABonI2XkDpMYx_sT/dark/fbE/new/normal?lang=auto:0
[   10265ms] [WARNING] WebGL: INVALID_ENUM: renderbufferStorage: EXT_color_buffer_float not enabled @ https://challenges.cloudflare.com/cdn-cgi/challenge-platform/h/b/turnstile/f/ov2/av0/rch/ykay6/0x4AAAAAABonI2XkDpMYx_sT/dark/fbE/new/normal?lang=auto:0
[   10265ms] [WARNING] WebGL: INVALID_ENUM: renderbufferStorage: EXT_color_buffer_float not enabled @ https://challenges.cloudflare.com/cdn-cgi/challenge-platform/h/b/turnstile/f/ov2/av0/rch/ykay6/0x4AAAAAABonI2XkDpMYx_sT/dark/fbE/new/normal?lang=auto:0
[   10285ms] [WARNING] No available adapters. @ https://challenges.cloudflare.com/cdn-cgi/challenge-platform/h/b/turnstile/f/ov2/av0/rch/ykay6/0x4AAAAAABonI2XkDpMYx_sT/dark/fbE/new/normal?lang=auto:0
[   13558ms] [WARNING] The resource https://challenges.cloudflare.com/cdn-cgi/challenge-platform/h/b/cmg/1 was preloaded using link preload but not used within a few seconds from the window's load event. Please make sure it has an appropriate `as` value and it is preloaded intentionally. @ https://challenges.cloudflare.com/cdn-cgi/challenge-platform/h/b/turnstile/f/ov2/av0/rch/ykay6/0x4AAAAAABonI2XkDpMYx_sT/dark/fbE/new/normal?lang=auto:0
[   15135ms] [ERROR] Permissions policy violation: xr-spatial-tracking is not allowed in this document. @ https://challenges.cloudflare.com/cdn-cgi/challenge-platform/h/b/turnstile/f/ov2/av0/rch/qiudu/0x4AAAAAABonI2XkDpMYx_sT/dark/fbE/new/normal?lang=auto:0
[   15135ms] [ERROR] Permissions policy violation: xr-spatial-tracking is not allowed in this document. @ https://challenges.cloudflare.com/cdn-cgi/challenge-platform/h/b/turnstile/f/ov2/av0/rch/qiudu/0x4AAAAAABonI2XkDpMYx_sT/dark/fbE/new/normal?lang=auto:0
[   15145ms] [WARNING] Canvas2D: Multiple readback operations using getImageData are faster with the willReadFrequently attribute set to true. See: https://html.spec.whatwg.org/multipage/canvas.html#concept-canvas-will-read-frequently @ https://challenges.cloudflare.com/cdn-cgi/challenge-platform/h/b/turnstile/f/ov2/av0/rch/qiudu/0x4AAAAAABonI2XkDpMYx_sT/dark/fbE/new/normal?lang=auto:0
[   15219ms] [WARNING] WebGL: INVALID_ENUM: renderbufferStorage: EXT_color_buffer_float/EXT_color_buffer_half_float not enabled @ https://challenges.cloudflare.com/cdn-cgi/challenge-platform/h/b/turnstile/f/ov2/av0/rch/qiudu/0x4AAAAAABonI2XkDpMYx_sT/dark/fbE/new/normal?lang=auto:0
[   15220ms] [WARNING] WebGL: INVALID_ENUM: renderbufferStorage: EXT_color_buffer_float/EXT_color_buffer_half_float not enabled @ https://challenges.cloudflare.com/cdn-cgi/challenge-platform/h/b/turnstile/f/ov2/av0/rch/qiudu/0x4AAAAAABonI2XkDpMYx_sT/dark/fbE/new/normal?lang=auto:0
[   15220ms] [WARNING] WebGL: INVALID_ENUM: renderbufferStorage: EXT_color_buffer_float/EXT_color_buffer_half_float not enabled @ https://challenges.cloudflare.com/cdn-cgi/challenge-platform/h/b/turnstile/f/ov2/av0/rch/qiudu/0x4AAAAAABonI2XkDpMYx_sT/dark/fbE/new/normal?lang=auto:0
[   15220ms] [WARNING] WebGL: INVALID_ENUM: renderbufferStorage: EXT_color_buffer_float not enabled @ https://challenges.cloudflare.com/cdn-cgi/challenge-platform/h/b/turnstile/f/ov2/av0/rch/qiudu/0x4AAAAAABonI2XkDpMYx_sT/dark/fbE/new/normal?lang=auto:0
[   15221ms] [WARNING] WebGL: INVALID_ENUM: renderbufferStorage: EXT_color_buffer_float not enabled @ https://challenges.cloudflare.com/cdn-cgi/challenge-platform/h/b/turnstile/f/ov2/av0/rch/qiudu/0x4AAAAAABonI2XkDpMYx_sT/dark/fbE/new/normal?lang=auto:0
[   15221ms] [WARNING] WebGL: INVALID_ENUM: renderbufferStorage: EXT_color_buffer_float not enabled @ https://challenges.cloudflare.com/cdn-cgi/challenge-platform/h/b/turnstile/f/ov2/av0/rch/qiudu/0x4AAAAAABonI2XkDpMYx_sT/dark/fbE/new/normal?lang=auto:0
[   15221ms] [WARNING] WebGL: INVALID_ENUM: renderbufferStorage: EXT_color_buffer_float not enabled @ https://challenges.cloudflare.com/cdn-cgi/challenge-platform/h/b/turnstile/f/ov2/av0/rch/qiudu/0x4AAAAAABonI2XkDpMYx_sT/dark/fbE/new/normal?lang=auto:0
[   15248ms] [WARNING] No available adapters. @ https://challenges.cloudflare.com/cdn-cgi/challenge-platform/h/b/turnstile/f/ov2/av0/rch/qiudu/0x4AAAAAABonI2XkDpMYx_sT/dark/fbE/new/normal?lang=auto:0
[   15349ms] [ERROR] %c%d font-size:0;color:transparent NaN @ https://challenges.cloudflare.com/cdn-cgi/challenge-platform/h/b/turnstile/f/ov2/av0/rch/qiudu/0x4AAAAAABonI2XkDpMYx_sT/dark/fbE/new/normal?lang=auto:0
[   15349ms] [ERROR] %c%d font-size:0;color:transparent NaN @ https://challenges.cloudflare.com/cdn-cgi/challenge-platform/h/b/turnstile/f/ov2/av0/rch/qiudu/0x4AAAAAABonI2XkDpMYx_sT/dark/fbE/new/normal?lang=auto:0
[   15351ms] [WARNING] %c%d font-size:0;color:transparent NaN @ https://challenges.cloudflare.com/cdn-cgi/challenge-platform/h/b/turnstile/f/ov2/av0/rch/qiudu/0x4AAAAAABonI2XkDpMYx_sT/dark/fbE/new/normal?lang=auto:0
[   15351ms] [WARNING] %c%d font-size:0;color:transparent NaN @ https://challenges.cloudflare.com/cdn-cgi/challenge-platform/h/b/turnstile/f/ov2/av0/rch/qiudu/0x4AAAAAABonI2XkDpMYx_sT/dark/fbE/new/normal?lang=auto:0
[   15393ms] [ERROR]  Note that 'script-src' was not explicitly set, so 'default-src' is used as a fallback. @ https://challenges.cloudflare.com/cdn-cgi/challenge-platform/h/b/turnstile/f/ov2/av0/rch/qiudu/0x4AAAAAABonI2XkDpMYx_sT/dark/fbE/new/normal?lang=auto:0
[   15548ms] [ERROR] Failed to load resource: the server responded with a status of 401 () @ https://challenges.cloudflare.com/cdn-cgi/challenge-platform/h/b/pat/9de4df217be5ee7d/1773843558837/ad97dfa1f9487137063ce2663f0686cd2afc20bcd36a3d7a0cfd6cec44c7f762/PvQFcqOQVKOjT_3:0
[   19113ms] [WARNING] The resource https://challenges.cloudflare.com/cdn-cgi/challenge-platform/h/b/cmg/1 was preloaded using link preload but not used within a few seconds from the window's load event. Please make sure it has an appropriate `as` value and it is preloaded intentionally. @ https://challenges.cloudflare.com/cdn-cgi/challenge-platform/h/b/turnstile/f/ov2/av0/rch/qiudu/0x4AAAAAABonI2XkDpMYx_sT/dark/fbE/new/normal?lang=auto:0
