[     298ms] [ERROR] Failed to load resource: the server responded with a status of 403 () @ https://app.impact.com/login.user:0
[    1540ms] [ERROR] Permissions policy violation: xr-spatial-tracking is not allowed in this document. @ https://challenges.cloudflare.com/cdn-cgi/challenge-platform/h/b/turnstile/f/ov2/av0/rch/i4cmw/0x4AAAAAAADnPIDROrmt1Wwj/light/fbE/new/normal?lang=auto:0
[    1540ms] [ERROR] Permissions policy violation: xr-spatial-tracking is not allowed in this document. @ https://challenges.cloudflare.com/cdn-cgi/challenge-platform/h/b/turnstile/f/ov2/av0/rch/i4cmw/0x4AAAAAAADnPIDROrmt1Wwj/light/fbE/new/normal?lang=auto:0
[    1595ms] [WARNING] Canvas2D: Multiple readback operations using getImageData are faster with the willReadFrequently attribute set to true. See: https://html.spec.whatwg.org/multipage/canvas.html#concept-canvas-will-read-frequently @ https://challenges.cloudflare.com/cdn-cgi/challenge-platform/h/b/turnstile/f/ov2/av0/rch/i4cmw/0x4AAAAAAADnPIDROrmt1Wwj/light/fbE/new/normal?lang=auto:0
[    1663ms] [WARNING] WebGL: INVALID_ENUM: renderbufferStorage: EXT_color_buffer_float/EXT_color_buffer_half_float not enabled @ https://challenges.cloudflare.com/cdn-cgi/challenge-platform/h/b/turnstile/f/ov2/av0/rch/i4cmw/0x4AAAAAAADnPIDROrmt1Wwj/light/fbE/new/normal?lang=auto:0
[    1663ms] [WARNING] WebGL: INVALID_ENUM: renderbufferStorage: EXT_color_buffer_float/EXT_color_buffer_half_float not enabled @ https://challenges.cloudflare.com/cdn-cgi/challenge-platform/h/b/turnstile/f/ov2/av0/rch/i4cmw/0x4AAAAAAADnPIDROrmt1Wwj/light/fbE/new/normal?lang=auto:0
[    1663ms] [WARNING] WebGL: INVALID_ENUM: renderbufferStorage: EXT_color_buffer_float/EXT_color_buffer_half_float not enabled @ https://challenges.cloudflare.com/cdn-cgi/challenge-platform/h/b/turnstile/f/ov2/av0/rch/i4cmw/0x4AAAAAAADnPIDROrmt1Wwj/light/fbE/new/normal?lang=auto:0
[    1664ms] [WARNING] WebGL: INVALID_ENUM: renderbufferStorage: EXT_color_buffer_float not enabled @ https://challenges.cloudflare.com/cdn-cgi/challenge-platform/h/b/turnstile/f/ov2/av0/rch/i4cmw/0x4AAAAAAADnPIDROrmt1Wwj/light/fbE/new/normal?lang=auto:0
[    1664ms] [WARNING] WebGL: INVALID_ENUM: renderbufferStorage: EXT_color_buffer_float not enabled @ https://challenges.cloudflare.com/cdn-cgi/challenge-platform/h/b/turnstile/f/ov2/av0/rch/i4cmw/0x4AAAAAAADnPIDROrmt1Wwj/light/fbE/new/normal?lang=auto:0
[    1664ms] [WARNING] WebGL: INVALID_ENUM: renderbufferStorage: EXT_color_buffer_float not enabled @ https://challenges.cloudflare.com/cdn-cgi/challenge-platform/h/b/turnstile/f/ov2/av0/rch/i4cmw/0x4AAAAAAADnPIDROrmt1Wwj/light/fbE/new/normal?lang=auto:0
[    1665ms] [WARNING] WebGL: INVALID_ENUM: renderbufferStorage: EXT_color_buffer_float not enabled @ https://challenges.cloudflare.com/cdn-cgi/challenge-platform/h/b/turnstile/f/ov2/av0/rch/i4cmw/0x4AAAAAAADnPIDROrmt1Wwj/light/fbE/new/normal?lang=auto:0
[    1692ms] [WARNING] No available adapters. @ https://challenges.cloudflare.com/cdn-cgi/challenge-platform/h/b/turnstile/f/ov2/av0/rch/i4cmw/0x4AAAAAAADnPIDROrmt1Wwj/light/fbE/new/normal?lang=auto:0
[    1763ms] [ERROR]  Note that 'script-src' was not explicitly set, so 'default-src' is used as a fallback. @ https://challenges.cloudflare.com/cdn-cgi/challenge-platform/h/b/turnstile/f/ov2/av0/rch/i4cmw/0x4AAAAAAADnPIDROrmt1Wwj/light/fbE/new/normal?lang=auto:0
[    1988ms] [ERROR] %c%d font-size:0;color:transparent NaN @ https://challenges.cloudflare.com/cdn-cgi/challenge-platform/h/b/turnstile/f/ov2/av0/rch/i4cmw/0x4AAAAAAADnPIDROrmt1Wwj/light/fbE/new/normal?lang=auto:0
[    1988ms] [ERROR] %c%d font-size:0;color:transparent NaN @ https://challenges.cloudflare.com/cdn-cgi/challenge-platform/h/b/turnstile/f/ov2/av0/rch/i4cmw/0x4AAAAAAADnPIDROrmt1Wwj/light/fbE/new/normal?lang=auto:0
[    1989ms] [WARNING] %c%d font-size:0;color:transparent NaN @ https://challenges.cloudflare.com/cdn-cgi/challenge-platform/h/b/turnstile/f/ov2/av0/rch/i4cmw/0x4AAAAAAADnPIDROrmt1Wwj/light/fbE/new/normal?lang=auto:0
[    1989ms] [WARNING] %c%d font-size:0;color:transparent NaN @ https://challenges.cloudflare.com/cdn-cgi/challenge-platform/h/b/turnstile/f/ov2/av0/rch/i4cmw/0x4AAAAAAADnPIDROrmt1Wwj/light/fbE/new/normal?lang=auto:0
[    2040ms] [ERROR] Failed to load resource: the server responded with a status of 401 () @ https://challenges.cloudflare.com/cdn-cgi/challenge-platform/h/b/pat/9de4cb74b9dff615/1773842753035/ba3c5d2cf553db844ad79668dab6809f926eb38852d2f71be54d5ff2be94b806/ztwcCN-8tCoRm48:0
[  248153ms] [WARNING] Invalid anchor for poppable element. undefined @ https://us-assets.i.posthog.com/static/posthog-recorder.js?v=1.361.1:0
[  272013ms] [ERROR] Failed to load resource: the server responded with a status of 400 () @ https://app.impact.com/secure/device/doverify.json:0
[  335421ms] [WARNING] An import map rule for specifier 'vue' was removed, as it conflicted with an existing rule. @ https://app.impact.com/secure/mediapartner/checklist/checklist-instance.ihtml?id=___9XpvYq1Sf0-BHmwgf1a9MGkoPqM53Q0L:0
[  335579ms] [WARNING] %cRactive.js: %cRactive already appears to be loaded while loading 1.3.2. color: rgb(114, 157, 52); color: rgb(85, 85, 85); @ https://app.impact.com/cp/uitk/scripts/ractive/ractive.min__va103155.js:2
[  336705ms] [ERROR] Failed to load resource: the server responded with a status of 403 () @ https://svc.webspellchecker.net/spellcheck/script/ssrv.cgi:0
[  336706ms] [WARNING] Subscription expired. Contact support at support@webspellchecker.net for assistance. @ https://us-assets.i.posthog.com/static/posthog-recorder.js?v=1.361.1:0
