[     891ms] [ERROR] %c%d font-size:0;color:transparent NaN @ https://challenges.cloudflare.com/cdn-cgi/challenge-platform/h/b/turnstile/f/ov2/av0/rch/rlhqw/0x4AAAAAABonI2XkDpMYx_sT/dark/fbE/new/normal?lang=auto:0
[     891ms] [ERROR] %c%d font-size:0;color:transparent NaN @ https://challenges.cloudflare.com/cdn-cgi/challenge-platform/h/b/turnstile/f/ov2/av0/rch/rlhqw/0x4AAAAAABonI2XkDpMYx_sT/dark/fbE/new/normal?lang=auto:0
[     893ms] [WARNING] %c%d font-size:0;color:transparent NaN @ https://challenges.cloudflare.com/cdn-cgi/challenge-platform/h/b/turnstile/f/ov2/av0/rch/rlhqw/0x4AAAAAABonI2XkDpMYx_sT/dark/fbE/new/normal?lang=auto:0
[     893ms] [WARNING] %c%d font-size:0;color:transparent NaN @ https://challenges.cloudflare.com/cdn-cgi/challenge-platform/h/b/turnstile/f/ov2/av0/rch/rlhqw/0x4AAAAAABonI2XkDpMYx_sT/dark/fbE/new/normal?lang=auto:0
[     950ms] [ERROR] Failed to load resource: the server responded with a status of 401 () @ https://challenges.cloudflare.com/cdn-cgi/challenge-platform/h/b/pat/9de4e282dc530d17/1773843697341/5c1305cba66e3bcd65fb7593d3e0d7a8663f5dcc69e5f9f0368f9ab906385e01/C9kGPxkJZGISRSA:0
[     973ms] [ERROR] Permissions policy violation: xr-spatial-tracking is not allowed in this document. @ https://challenges.cloudflare.com/cdn-cgi/challenge-platform/h/b/turnstile/f/ov2/av0/rch/rlhqw/0x4AAAAAABonI2XkDpMYx_sT/dark/fbE/new/normal?lang=auto:0
[     973ms] [ERROR] Permissions policy violation: xr-spatial-tracking is not allowed in this document. @ https://challenges.cloudflare.com/cdn-cgi/challenge-platform/h/b/turnstile/f/ov2/av0/rch/rlhqw/0x4AAAAAABonI2XkDpMYx_sT/dark/fbE/new/normal?lang=auto:0
[     981ms] [WARNING] Canvas2D: Multiple readback operations using getImageData are faster with the willReadFrequently attribute set to true. See: https://html.spec.whatwg.org/multipage/canvas.html#concept-canvas-will-read-frequently @ https://challenges.cloudflare.com/cdn-cgi/challenge-platform/h/b/turnstile/f/ov2/av0/rch/rlhqw/0x4AAAAAABonI2XkDpMYx_sT/dark/fbE/new/normal?lang=auto:0
[    1048ms] [WARNING] WebGL: INVALID_ENUM: renderbufferStorage: EXT_color_buffer_float/EXT_color_buffer_half_float not enabled @ https://challenges.cloudflare.com/cdn-cgi/challenge-platform/h/b/turnstile/f/ov2/av0/rch/rlhqw/0x4AAAAAABonI2XkDpMYx_sT/dark/fbE/new/normal?lang=auto:0
[    1048ms] [WARNING] WebGL: INVALID_ENUM: renderbufferStorage: EXT_color_buffer_float/EXT_color_buffer_half_float not enabled @ https://challenges.cloudflare.com/cdn-cgi/challenge-platform/h/b/turnstile/f/ov2/av0/rch/rlhqw/0x4AAAAAABonI2XkDpMYx_sT/dark/fbE/new/normal?lang=auto:0
[    1048ms] [WARNING] WebGL: INVALID_ENUM: renderbufferStorage: EXT_color_buffer_float/EXT_color_buffer_half_float not enabled @ https://challenges.cloudflare.com/cdn-cgi/challenge-platform/h/b/turnstile/f/ov2/av0/rch/rlhqw/0x4AAAAAABonI2XkDpMYx_sT/dark/fbE/new/normal?lang=auto:0
[    1049ms] [WARNING] WebGL: INVALID_ENUM: renderbufferStorage: EXT_color_buffer_float not enabled @ https://challenges.cloudflare.com/cdn-cgi/challenge-platform/h/b/turnstile/f/ov2/av0/rch/rlhqw/0x4AAAAAABonI2XkDpMYx_sT/dark/fbE/new/normal?lang=auto:0
[    1049ms] [WARNING] WebGL: INVALID_ENUM: renderbufferStorage: EXT_color_buffer_float not enabled @ https://challenges.cloudflare.com/cdn-cgi/challenge-platform/h/b/turnstile/f/ov2/av0/rch/rlhqw/0x4AAAAAABonI2XkDpMYx_sT/dark/fbE/new/normal?lang=auto:0
[    1049ms] [WARNING] WebGL: INVALID_ENUM: renderbufferStorage: EXT_color_buffer_float not enabled @ https://challenges.cloudflare.com/cdn-cgi/challenge-platform/h/b/turnstile/f/ov2/av0/rch/rlhqw/0x4AAAAAABonI2XkDpMYx_sT/dark/fbE/new/normal?lang=auto:0
[    1049ms] [WARNING] WebGL: INVALID_ENUM: renderbufferStorage: EXT_color_buffer_float not enabled @ https://challenges.cloudflare.com/cdn-cgi/challenge-platform/h/b/turnstile/f/ov2/av0/rch/rlhqw/0x4AAAAAABonI2XkDpMYx_sT/dark/fbE/new/normal?lang=auto:0
[    1072ms] [WARNING] No available adapters. @ https://challenges.cloudflare.com/cdn-cgi/challenge-platform/h/b/turnstile/f/ov2/av0/rch/rlhqw/0x4AAAAAABonI2XkDpMYx_sT/dark/fbE/new/normal?lang=auto:0
[    1472ms] [ERROR]  Note that 'script-src' was not explicitly set, so 'default-src' is used as a fallback. @ https://challenges.cloudflare.com/cdn-cgi/challenge-platform/h/b/turnstile/f/ov2/av0/rch/rlhqw/0x4AAAAAABonI2XkDpMYx_sT/dark/fbE/new/normal?lang=auto:0
[    4882ms] [WARNING] The resource https://challenges.cloudflare.com/cdn-cgi/challenge-platform/h/b/cmg/1 was preloaded using link preload but not used within a few seconds from the window's load event. Please make sure it has an appropriate `as` value and it is preloaded intentionally. @ https://challenges.cloudflare.com/cdn-cgi/challenge-platform/h/b/turnstile/f/ov2/av0/rch/rlhqw/0x4AAAAAABonI2XkDpMYx_sT/dark/fbE/new/normal?lang=auto:0
[   32662ms] [ERROR] Failed to load resource: the server responded with a status of 401 () @ https://challenges.cloudflare.com/cdn-cgi/challenge-platform/h/b/pat/9de4e346df420e41/1773843728724/0be7d78ca8ec0e271e32172464f5a9d109842b2d28dae6c1f44324cbe6fa7267/2dxirROGdVCGHaP:0
[   32700ms] [ERROR]  Note that 'script-src' was not explicitly set, so 'default-src' is used as a fallback. @ https://challenges.cloudflare.com/cdn-cgi/challenge-platform/h/b/turnstile/f/ov2/av0/rch/a06qj/0x4AAAAAABonI2XkDpMYx_sT/dark/fbE/new/normal?lang=auto:0
[   32817ms] [ERROR] Permissions policy violation: xr-spatial-tracking is not allowed in this document. @ https://challenges.cloudflare.com/cdn-cgi/challenge-platform/h/b/turnstile/f/ov2/av0/rch/a06qj/0x4AAAAAABonI2XkDpMYx_sT/dark/fbE/new/normal?lang=auto:0
[   32817ms] [ERROR] Permissions policy violation: xr-spatial-tracking is not allowed in this document. @ https://challenges.cloudflare.com/cdn-cgi/challenge-platform/h/b/turnstile/f/ov2/av0/rch/a06qj/0x4AAAAAABonI2XkDpMYx_sT/dark/fbE/new/normal?lang=auto:0
[   32824ms] [WARNING] Canvas2D: Multiple readback operations using getImageData are faster with the willReadFrequently attribute set to true. See: https://html.spec.whatwg.org/multipage/canvas.html#concept-canvas-will-read-frequently @ https://challenges.cloudflare.com/cdn-cgi/challenge-platform/h/b/turnstile/f/ov2/av0/rch/a06qj/0x4AAAAAABonI2XkDpMYx_sT/dark/fbE/new/normal?lang=auto:0
[   32884ms] [WARNING] WebGL: INVALID_ENUM: renderbufferStorage: EXT_color_buffer_float/EXT_color_buffer_half_float not enabled @ https://challenges.cloudflare.com/cdn-cgi/challenge-platform/h/b/turnstile/f/ov2/av0/rch/a06qj/0x4AAAAAABonI2XkDpMYx_sT/dark/fbE/new/normal?lang=auto:0
[   32884ms] [WARNING] WebGL: INVALID_ENUM: renderbufferStorage: EXT_color_buffer_float/EXT_color_buffer_half_float not enabled @ https://challenges.cloudflare.com/cdn-cgi/challenge-platform/h/b/turnstile/f/ov2/av0/rch/a06qj/0x4AAAAAABonI2XkDpMYx_sT/dark/fbE/new/normal?lang=auto:0
[   32884ms] [WARNING] WebGL: INVALID_ENUM: renderbufferStorage: EXT_color_buffer_float/EXT_color_buffer_half_float not enabled @ https://challenges.cloudflare.com/cdn-cgi/challenge-platform/h/b/turnstile/f/ov2/av0/rch/a06qj/0x4AAAAAABonI2XkDpMYx_sT/dark/fbE/new/normal?lang=auto:0
[   32884ms] [WARNING] WebGL: INVALID_ENUM: renderbufferStorage: EXT_color_buffer_float not enabled @ https://challenges.cloudflare.com/cdn-cgi/challenge-platform/h/b/turnstile/f/ov2/av0/rch/a06qj/0x4AAAAAABonI2XkDpMYx_sT/dark/fbE/new/normal?lang=auto:0
[   32885ms] [WARNING] WebGL: INVALID_ENUM: renderbufferStorage: EXT_color_buffer_float not enabled @ https://challenges.cloudflare.com/cdn-cgi/challenge-platform/h/b/turnstile/f/ov2/av0/rch/a06qj/0x4AAAAAABonI2XkDpMYx_sT/dark/fbE/new/normal?lang=auto:0
[   32885ms] [WARNING] WebGL: INVALID_ENUM: renderbufferStorage: EXT_color_buffer_float not enabled @ https://challenges.cloudflare.com/cdn-cgi/challenge-platform/h/b/turnstile/f/ov2/av0/rch/a06qj/0x4AAAAAABonI2XkDpMYx_sT/dark/fbE/new/normal?lang=auto:0
[   32885ms] [WARNING] WebGL: INVALID_ENUM: renderbufferStorage: EXT_color_buffer_float not enabled @ https://challenges.cloudflare.com/cdn-cgi/challenge-platform/h/b/turnstile/f/ov2/av0/rch/a06qj/0x4AAAAAABonI2XkDpMYx_sT/dark/fbE/new/normal?lang=auto:0
[   32908ms] [WARNING] No available adapters. @ https://challenges.cloudflare.com/cdn-cgi/challenge-platform/h/b/turnstile/f/ov2/av0/rch/a06qj/0x4AAAAAABonI2XkDpMYx_sT/dark/fbE/new/normal?lang=auto:0
[   32998ms] [ERROR] %c%d font-size:0;color:transparent NaN @ https://challenges.cloudflare.com/cdn-cgi/challenge-platform/h/b/turnstile/f/ov2/av0/rch/a06qj/0x4AAAAAABonI2XkDpMYx_sT/dark/fbE/new/normal?lang=auto:0
[   32998ms] [ERROR] %c%d font-size:0;color:transparent NaN @ https://challenges.cloudflare.com/cdn-cgi/challenge-platform/h/b/turnstile/f/ov2/av0/rch/a06qj/0x4AAAAAABonI2XkDpMYx_sT/dark/fbE/new/normal?lang=auto:0
[   32999ms] [WARNING] %c%d font-size:0;color:transparent NaN @ https://challenges.cloudflare.com/cdn-cgi/challenge-platform/h/b/turnstile/f/ov2/av0/rch/a06qj/0x4AAAAAABonI2XkDpMYx_sT/dark/fbE/new/normal?lang=auto:0
[   33000ms] [WARNING] %c%d font-size:0;color:transparent NaN @ https://challenges.cloudflare.com/cdn-cgi/challenge-platform/h/b/turnstile/f/ov2/av0/rch/a06qj/0x4AAAAAABonI2XkDpMYx_sT/dark/fbE/new/normal?lang=auto:0
[   36339ms] [WARNING] The resource https://challenges.cloudflare.com/cdn-cgi/challenge-platform/h/b/cmg/1 was preloaded using link preload but not used within a few seconds from the window's load event. Please make sure it has an appropriate `as` value and it is preloaded intentionally. @ https://challenges.cloudflare.com/cdn-cgi/challenge-platform/h/b/turnstile/f/ov2/av0/rch/a06qj/0x4AAAAAABonI2XkDpMYx_sT/dark/fbE/new/normal?lang=auto:0
