[     385ms] [WARNING] An import map rule for specifier 'vue' was removed, as it conflicted with an existing rule. @ https://app.impact.com/secure/mediapartner/checklist/checklist-instance.ihtml?id=___9XpvYq1Sf0-BHmwgf1a9MGkoPqM53Q0L:0
[     576ms] [WARNING] %cRactive.js: %cRactive already appears to be loaded while loading 1.3.2. color: rgb(114, 157, 52); color: rgb(85, 85, 85); @ https://app.impact.com/cp/uitk/scripts/ractive/ractive.min__va103155.js:2
[    1325ms] [ERROR] Failed to load resource: the server responded with a status of 403 () @ https://svc.webspellchecker.net/spellcheck/script/ssrv.cgi:0
[    1325ms] [WARNING] Subscription expired. Contact support at support@webspellchecker.net for assistance. @ https://us-assets.i.posthog.com/static/posthog-recorder.js?v=1.361.0:0
[   55667ms] [ERROR] Failed to load resource: net::ERR_CONNECTION_CLOSED @ https://www.google.com/pagead/form-data/956435939?gtm=45je63g1v896148145za20gzb845574839zd845574839xec&gcd=13l3lPl2l1l1&dma_cps=a&dma=1&tag_exp=103116026~103200004~115938466~115938469~116024733~117484252&userId=7899917&ga_uid=G-FZ7S15G053.7899917&npa=1&frm=1&pscdl=noapi&auid=884695390.1773836802&uaa=x86&uab=64&uafvl=Chromium%3B146.0.7680.80%7CNot-A.Brand%3B24.0.0.0%7CGoogle%2520Chrome%3B146.0.7680.80&uamb=0&uam=&uap=Linux&uapv=&uaw=0:0
[   55667ms] [ERROR] Failed to load resource: net::ERR_CONNECTION_CLOSED @ https://www.google.com/ccm/form-data/956435939?gtm=45je63g1v896148145za20gzb845574839zd845574839xec&gcd=13l3lPl2l1l1&dma_cps=a&dma=1&tag_exp=103116026~103200004~115938466~115938469~116024733~117484252&userId=7899917&ga_uid=G-FZ7S15G053.7899917&npa=1&frm=1&pscdl=noapi&auid=884695390.1773836802&uaa=x86&uab=64&uafvl=Chromium%3B146.0.7680.80%7CNot-A.Brand%3B24.0.0.0%7CGoogle%2520Chrome%3B146.0.7680.80&uamb=0&uam=&uap=Linux&uapv=&uaw=0&ec_mode=a&em=tv.1:0
[ 2908918ms] [ERROR] Failed to load resource: the server responded with a status of 404 () @ https://cdn4.impact.com/cp/uitk/scripts/marketplace-components/impactuimarketplace.index__va103155.js:0
[ 2908993ms] [WARNING] An import map rule for specifier 'vue' was removed, as it conflicted with an existing rule. @ https://app.impact.com/secure/mediapartner/marketplace/partner-manage-pending-contracts-flow.ihtml?execution=e11s1:0
[ 2909129ms] [WARNING] %cRactive.js: %cRactive already appears to be loaded while loading 1.3.2. color: rgb(114, 157, 52); color: rgb(85, 85, 85); @ https://app.impact.com/cp/uitk/scripts/ractive/ractive.min__va103155.js:2
[ 2910794ms] [ERROR] Failed to load resource: the server responded with a status of 403 () @ https://svc.webspellchecker.net/spellcheck/script/ssrv.cgi:0
[ 2910794ms] [WARNING] Subscription expired. Contact support at support@webspellchecker.net for assistance. @ https://us-assets.i.posthog.com/static/posthog-recorder.js?v=1.361.1:0
[ 2922006ms] [ERROR] TypeError: Cannot read properties of undefined (reading '$refs')
    at _createVNode.onClose (eval at Qd (https://js-cdn.impact.com/npm/vue@3.4.0/dist/vue.esm-browser.prod.js:6:68161), <anonymous>:39:162)
    at sn (https://js-cdn.impact.com/npm/vue@3.4.0/dist/vue.esm-browser.prod.js:1:17206)
    at on (https://js-cdn.impact.com/npm/vue@3.4.0/dist/vue.esm-browser.prod.js:1:17284)
    at on (https://js-cdn.impact.com/npm/vue@3.4.0/dist/vue.esm-browser.prod.js:1:17385)
    at Tn (https://js-cdn.impact.com/npm/vue@3.4.0/dist/vue.esm-browser.prod.js:1:19252)
    at Proxy.handler (https://ui.impact.com/4.49.4/SideModal-ab656175.mjs:1:1868)
    at sn (https://js-cdn.impact.com/npm/vue@3.4.0/dist/vue.esm-browser.prod.js:1:17206)
    at on (https://js-cdn.impact.com/npm/vue@3.4.0/dist/vue.esm-browser.prod.js:1:17284)
    at b (https://js-cdn.impact.com/npm/vue@3.4.0/dist/vue.esm-browser.prod.js:1:27085)
    at sn (https://js-cdn.impact.com/npm/vue@3.4.0/dist/vue.esm-browser.prod.js:1:17214) @ https://us-assets.i.posthog.com/static/posthog-recorder.js?v=1.361.1:0
[ 2926870ms] [WARNING] An import map rule for specifier 'vue' was removed, as it conflicted with an existing rule. @ https://app.impact.com/secure/mediapartner/checklist/checklist-instance.ihtml?id=___9XpvYq1Sf0-BHmwgf1a9MGkoPqM53Q0L:0
[ 2927063ms] [WARNING] %cRactive.js: %cRactive already appears to be loaded while loading 1.3.2. color: rgb(114, 157, 52); color: rgb(85, 85, 85); @ https://app.impact.com/cp/uitk/scripts/ractive/ractive.min__va103155.js:2
[ 2927618ms] [ERROR] Failed to load resource: the server responded with a status of 403 () @ https://svc.webspellchecker.net/spellcheck/script/ssrv.cgi:0
[ 2927619ms] [WARNING] Subscription expired. Contact support at support@webspellchecker.net for assistance. @ https://svc.webspellchecker.net/spellcheck31/wscbundle/wscbundle.js:39
