[    4046ms] [ERROR] Failed to load resource: the server responded with a status of 404 () @ https://iam.cj.com/api/users/9924e8b0-1731-446d-96e0-08094f7eb854/browser-preferences/widget_settings?company_id=7903980:0
[    5371ms] [ERROR] Warning: React.createElement: type is invalid -- expected a string (for built-in components) or a class/function (for composite components) but got: %s.%s%s undefined  You likely forgot to export your component from the file it's defined in, or you might have mixed up default and named imports.

Check the render method of `$s`. 
    at $s (https://platform.cj.com/nav/v3/runtime/runtime.js:2:670055)
    at X (https://platform.cj.com/nav/v3/runtime/runtime.js:2:447358)
    at I (https://platform.cj.com/nav/v3/runtime/runtime.js:2:443248)
    at Oa (https://platform.cj.com/nav/v3/runtime/runtime.js:2:539168)
    at x (https://platform.cj.com/nav/v3/runtime/runtime.js:2:440669)
    at Ds (https://platform.cj.com/nav/v3/runtime/runtime.js:2:632683)
    at PlatformNav (https://platform.cj.com/nav/v3/runtime/runtime.js:2:704404)
    at RenderedRoute (https://members.cj.com/member/bundle/pubOnboardingChecklist.js:111410:30)
    at RenderErrorBoundary (https://members.cj.com/member/bundle/pubOnboardingChecklist.js:111341:8)
    at DataRoutes (https://members.cj.com/member/bundle/pubOnboardingChecklist.js:109508:25)
    at Router (https://members.cj.com/member/bundle/pubOnboardingChecklist.js:112073:33)
    at RouterProvider (https://members.cj.com/member/bundle/pubOnboardingChecklist.js:109226:33)
    at ApplicationRoutes (https://members.cj.com/member/bundle/pubOnboardingChecklist.js:108581:22)
    at CompanyContextProvider (https://platform.cj.com/nav/v3/runtime/runtime.js:2:708892)
    at CompanyContextProvider (https://members.cj.com/member/bundle/pubOnboardingChecklist.js:98381:24)
    at BreakpointContextProvider (https://members.cj.com/member/bundle/pubOnboardingChecklist.js:78140:25)
    at RuntimeContextProvider (https://members.cj.com/member/bundle/pubOnboardingChecklist.js:98547:24)
    at IntlProvider (https://members.cj.com/member/bundle/pubOnboardingChecklist.js:107870:48)
    at ReactIntlProvider (https://members.cj.com/member/bundle/pubOnboardingChecklist.js:108292:30)
    at RemoteTranslationProvider (https://members.cj.com/member/bundle/pubOnboardingChecklist.js:108446:24)
    at UserContextProvider (https://members.cj.com/member/bundle/pubOnboardingChecklist.js:78952:24)
    at ConfigContextProvider (https://members.cj.com/member/bundle/pubOnboardingChecklist.js:78319:24)
    at https://members.cj.com/member/bundle/pubOnboardingChecklist.js:74471:32 @ https://platform.cj.com/static/install-rum.js:0
[    5371ms] [ERROR] Warning: React.createElement: type is invalid -- expected a string (for built-in components) or a class/function (for composite components) but got: %s.%s%s undefined  You likely forgot to export your component from the file it's defined in, or you might have mixed up default and named imports.

Check the render method of `$s`. 
    at $s (https://platform.cj.com/nav/v3/runtime/runtime.js:2:670055)
    at X (https://platform.cj.com/nav/v3/runtime/runtime.js:2:447358)
    at I (https://platform.cj.com/nav/v3/runtime/runtime.js:2:443248)
    at Oa (https://platform.cj.com/nav/v3/runtime/runtime.js:2:539168)
    at x (https://platform.cj.com/nav/v3/runtime/runtime.js:2:440669)
    at Ds (https://platform.cj.com/nav/v3/runtime/runtime.js:2:632683)
    at PlatformNav (https://platform.cj.com/nav/v3/runtime/runtime.js:2:704404)
    at RenderedRoute (https://members.cj.com/member/bundle/pubOnboardingChecklist.js:111410:30)
    at RenderErrorBoundary (https://members.cj.com/member/bundle/pubOnboardingChecklist.js:111341:8)
    at DataRoutes (https://members.cj.com/member/bundle/pubOnboardingChecklist.js:109508:25)
    at Router (https://members.cj.com/member/bundle/pubOnboardingChecklist.js:112073:33)
    at RouterProvider (https://members.cj.com/member/bundle/pubOnboardingChecklist.js:109226:33)
    at ApplicationRoutes (https://members.cj.com/member/bundle/pubOnboardingChecklist.js:108581:22)
    at CompanyContextProvider (https://platform.cj.com/nav/v3/runtime/runtime.js:2:708892)
    at CompanyContextProvider (https://members.cj.com/member/bundle/pubOnboardingChecklist.js:98381:24)
    at BreakpointContextProvider (https://members.cj.com/member/bundle/pubOnboardingChecklist.js:78140:25)
    at RuntimeContextProvider (https://members.cj.com/member/bundle/pubOnboardingChecklist.js:98547:24)
    at IntlProvider (https://members.cj.com/member/bundle/pubOnboardingChecklist.js:107870:48)
    at ReactIntlProvider (https://members.cj.com/member/bundle/pubOnboardingChecklist.js:108292:30)
    at RemoteTranslationProvider (https://members.cj.com/member/bundle/pubOnboardingChecklist.js:108446:24)
    at UserContextProvider (https://members.cj.com/member/bundle/pubOnboardingChecklist.js:78952:24)
    at ConfigContextProvider (https://members.cj.com/member/bundle/pubOnboardingChecklist.js:78319:24)
    at https://members.cj.com/member/bundle/pubOnboardingChecklist.js:74471:32 @ https://platform.cj.com/static/install-rum.js:0
[    6677ms] [ERROR] Warning: React does not recognize the `%s` prop on a DOM element. If you intentionally want it to appear in the DOM as a custom attribute, spell it as lowercase `%s` instead. If you accidentally passed it from a parent component, remove it from the DOM element.%s singleClass singleclass 
    at button
    at Button (https://members.cj.com/member/bundle/pubOnboardingChecklist.js:135300:10)
    at div
    at PublisherSetupButtons (https://members.cj.com/member/bundle/pubOnboardingChecklist.js:135669:10)
    at div
    at div
    at div
    at SetupPagePure (https://members.cj.com/member/bundle/pubOnboardingChecklist.js:190846:36)
    at SetupPage (https://members.cj.com/member/bundle/pubOnboardingChecklist.js:191334:10)
    at Content
    at https://members.cj.com/member/bundle/pubOnboardingChecklist.js:46811:23
    at div
    at main
    at div
    at $s (https://platform.cj.com/nav/v3/runtime/runtime.js:2:670055)
    at X (https://platform.cj.com/nav/v3/runtime/runtime.js:2:447358)
    at I (https://platform.cj.com/nav/v3/runtime/runtime.js:2:443248)
    at Oa (https://platform.cj.com/nav/v3/runtime/runtime.js:2:539168)
    at x (https://platform.cj.com/nav/v3/runtime/runtime.js:2:440669)
    at Ds (https://platform.cj.com/nav/v3/runtime/runtime.js:2:632683)
    at PlatformNav (https://platform.cj.com/nav/v3/runtime/runtime.js:2:704404)
    at RenderedRoute (https://members.cj.com/member/bundle/pubOnboardingChecklist.js:111410:30)
    at RenderErrorBoundary (https://members.cj.com/member/bundle/pubOnboardingChecklist.js:111341:8)
    at DataRoutes (https://members.cj.com/member/bundle/pubOnboardingChecklist.js:109508:25)
    at Router (https://members.cj.com/member/bundle/pubOnboardingChecklist.js:112073:33)
    at RouterProvider (https://members.cj.com/member/bundle/pubOnboardingChecklist.js:109226:33)
    at ApplicationRoutes (https://members.cj.com/member/bundle/pubOnboardingChecklist.js:108581:22)
    at CompanyContextProvider (https://platform.cj.com/nav/v3/runtime/runtime.js:2:708892)
    at CompanyContextProvider (https://members.cj.com/member/bundle/pubOnboardingChecklist.js:98381:24)
    at BreakpointContextProvider (https://members.cj.com/member/bundle/pubOnboardingChecklist.js:78140:25)
    at RuntimeContextProvider (https://members.cj.com/member/bundle/pubOnboardingChecklist.js:98547:24)
    at IntlProvider (https://members.cj.com/member/bundle/pubOnboardingChecklist.js:107870:48)
    at ReactIntlProvider (https://members.cj.com/member/bundle/pubOnboardingChecklist.js:108292:30)
    at RemoteTranslationProvider (https://members.cj.com/member/bundle/pubOnboardingChecklist.js:108446:24)
    at UserContextProvider (https://members.cj.com/member/bundle/pubOnboardingChecklist.js:78952:24)
    at ConfigContextProvider (https://members.cj.com/member/bundle/pubOnboardingChecklist.js:78319:24)
    at https://members.cj.com/member/bundle/pubOnboardingChecklist.js:74471:32 @ https://platform.cj.com/static/install-rum.js:0
[   12360ms] [ERROR] Failed to load resource: the server responded with a status of 409 (Conflict) @ https://members.cj.com/affapi/publishers/7903980/activation:0
[   32570ms] [ERROR] Failed to load resource: the server responded with a status of 404 () @ https://iam.cj.com/api/users/9924e8b0-1731-446d-96e0-08094f7eb854/browser-preferences/widget_settings?company_id=7903980:0
