[    7762ms] [ERROR] Failed to load resource: the server responded with a status of 404 () @ https://iam.cj.com/api/users/9924e8b0-1731-446d-96e0-08094f7eb854/browser-preferences/widget_settings?company_id=7903980:0
[   18260ms] [ERROR] Failed to load resource: the server responded with a status of 404 (Not Found) @ https://members.cj.com/member/javascript/common/util/adblock_mitigation.js:0
[   23164ms] [ERROR] Warning: React.createElement: type is invalid -- expected a string (for built-in components) or a class/function (for composite components) but got: %s.%s%s undefined  You likely forgot to export your component from the file it's defined in, or you might have mixed up default and named imports.

Check the render method of `$s`. 
    at $s (https://platform.cj.com/nav/v3/runtime/runtime.js:2:670055)
    at X (https://platform.cj.com/nav/v3/runtime/runtime.js:2:447358)
    at I (https://platform.cj.com/nav/v3/runtime/runtime.js:2:443248)
    at Oa (https://platform.cj.com/nav/v3/runtime/runtime.js:2:539168)
    at x (https://platform.cj.com/nav/v3/runtime/runtime.js:2:440669)
    at Ds (https://platform.cj.com/nav/v3/runtime/runtime.js:2:632683)
    at PlatformNav (https://platform.cj.com/nav/v3/runtime/runtime.js:2:704404)
    at RenderedRoute (https://members.cj.com/member/bundle/pubAdvSearch.js:116313:30)
    at RenderErrorBoundary (https://members.cj.com/member/bundle/pubAdvSearch.js:116244:8)
    at DataRoutes (https://members.cj.com/member/bundle/pubAdvSearch.js:114411:25)
    at Router (https://members.cj.com/member/bundle/pubAdvSearch.js:116976:33)
    at RouterProvider (https://members.cj.com/member/bundle/pubAdvSearch.js:114129:33)
    at ApplicationRoutes (https://members.cj.com/member/bundle/pubAdvSearch.js:113484:22)
    at CompanyContextProvider (https://platform.cj.com/nav/v3/runtime/runtime.js:2:708892)
    at CompanyContextProvider (https://members.cj.com/member/bundle/pubAdvSearch.js:103284:24)
    at BreakpointContextProvider (https://members.cj.com/member/bundle/pubAdvSearch.js:83043:25)
    at RuntimeContextProvider (https://members.cj.com/member/bundle/pubAdvSearch.js:103450:24)
    at IntlProvider (https://members.cj.com/member/bundle/pubAdvSearch.js:112773:48)
    at ReactIntlProvider (https://members.cj.com/member/bundle/pubAdvSearch.js:113195:30)
    at RemoteTranslationProvider (https://members.cj.com/member/bundle/pubAdvSearch.js:113349:24)
    at UserContextProvider (https://members.cj.com/member/bundle/pubAdvSearch.js:83855:24)
    at ConfigContextProvider (https://members.cj.com/member/bundle/pubAdvSearch.js:83222:24)
    at https://members.cj.com/member/bundle/pubAdvSearch.js:79374:32 @ https://platform.cj.com/static/install-rum.js:0
[   23164ms] [ERROR] Warning: React.createElement: type is invalid -- expected a string (for built-in components) or a class/function (for composite components) but got: %s.%s%s undefined  You likely forgot to export your component from the file it's defined in, or you might have mixed up default and named imports.

Check the render method of `$s`. 
    at $s (https://platform.cj.com/nav/v3/runtime/runtime.js:2:670055)
    at X (https://platform.cj.com/nav/v3/runtime/runtime.js:2:447358)
    at I (https://platform.cj.com/nav/v3/runtime/runtime.js:2:443248)
    at Oa (https://platform.cj.com/nav/v3/runtime/runtime.js:2:539168)
    at x (https://platform.cj.com/nav/v3/runtime/runtime.js:2:440669)
    at Ds (https://platform.cj.com/nav/v3/runtime/runtime.js:2:632683)
    at PlatformNav (https://platform.cj.com/nav/v3/runtime/runtime.js:2:704404)
    at RenderedRoute (https://members.cj.com/member/bundle/pubAdvSearch.js:116313:30)
    at RenderErrorBoundary (https://members.cj.com/member/bundle/pubAdvSearch.js:116244:8)
    at DataRoutes (https://members.cj.com/member/bundle/pubAdvSearch.js:114411:25)
    at Router (https://members.cj.com/member/bundle/pubAdvSearch.js:116976:33)
    at RouterProvider (https://members.cj.com/member/bundle/pubAdvSearch.js:114129:33)
    at ApplicationRoutes (https://members.cj.com/member/bundle/pubAdvSearch.js:113484:22)
    at CompanyContextProvider (https://platform.cj.com/nav/v3/runtime/runtime.js:2:708892)
    at CompanyContextProvider (https://members.cj.com/member/bundle/pubAdvSearch.js:103284:24)
    at BreakpointContextProvider (https://members.cj.com/member/bundle/pubAdvSearch.js:83043:25)
    at RuntimeContextProvider (https://members.cj.com/member/bundle/pubAdvSearch.js:103450:24)
    at IntlProvider (https://members.cj.com/member/bundle/pubAdvSearch.js:112773:48)
    at ReactIntlProvider (https://members.cj.com/member/bundle/pubAdvSearch.js:113195:30)
    at RemoteTranslationProvider (https://members.cj.com/member/bundle/pubAdvSearch.js:113349:24)
    at UserContextProvider (https://members.cj.com/member/bundle/pubAdvSearch.js:83855:24)
    at ConfigContextProvider (https://members.cj.com/member/bundle/pubAdvSearch.js:83222:24)
    at https://members.cj.com/member/bundle/pubAdvSearch.js:79374:32 @ https://platform.cj.com/static/install-rum.js:0
